

Starting up. (ID: bNA-axB2) 22:31.26
---------------------
[22:31:26] bNA-axB2 MISC: Saved mode is 'xeno_raid'
[22:31:28] bNA-axB2 ADMIN: Loading jobban_rank
[22:31:28] bNA-axB2 ADMIN: Loading Banlist
[22:31:28] bNA-axB2 DEBUG: Rebuilding Master Controller
[22:31:28] bNA-axB2 ACCESS: Login: FSB2/(FSB2) from localhost-4038160359 || BYOND v511
[22:31:32] bNA-axB2 DEBUG: The hive node at Bloody Larva (288) spawned without a proper DNA.
[22:31:32] bNA-axB2 DEBUG: The hive node at Bloody Larva (330) spawned without a proper DNA.
[22:31:32] bNA-axB2 DEBUG: The hive node at Bloody Larva (487) spawned without a proper DNA.
[22:31:32] bNA-axB2 DEBUG: The hive node at Bloody Larva (505) spawned without a proper DNA.
[22:31:32] bNA-axB2 DEBUG: The hive node at Bloody Larva (268) spawned without a proper DNA.
[22:31:32] bNA-axB2 DEBUG: The hive node at Bloody Larva (537) spawned without a proper DNA.
[22:31:32] bNA-axB2 DEBUG: The hive node at Bloody Larva (279) spawned without a proper DNA.
[22:31:32] bNA-axB2 DEBUG: The hive node at Bloody Larva (450) spawned without a proper DNA.
[22:31:32] bNA-axB2 DEBUG: The hive node at Bloody Larva (443) spawned without a proper DNA.
[22:31:32] bNA-axB2 DEBUG: The hive node at Bloody Larva (711) spawned without a proper DNA.
[22:31:32] bNA-axB2 DEBUG: The hive node at Bloody Larva (699) spawned without a proper DNA.
[22:31:32] bNA-axB2 DEBUG: The hive node at Bloody Larva (941) spawned without a proper DNA.
[22:31:32] bNA-axB2 DEBUG: The hive node at Bloody Larva (232) spawned without a proper DNA.
[22:31:32] bNA-axB2 DEBUG: The hive node at Bloody Larva (838) spawned without a proper DNA.
[22:31:32] bNA-axB2 DEBUG: The hive node at Bloody Larva (907) spawned without a proper DNA.
[22:31:32] bNA-axB2 DEBUG: The hive node at Bloody Larva (342) spawned without a proper DNA.
[22:31:32] bNA-axB2 DEBUG: The hive node at Bloody Larva (632) spawned without a proper DNA.
[22:31:32] bNA-axB2 DEBUG: The hive node at Bloody Larva (38) spawned without a proper DNA.
[22:31:32] bNA-axB2 DEBUG: The hive node at Bloody Larva (500) spawned without a proper DNA.
[22:31:32] bNA-axB2 DEBUG: The hive node at Bloody Larva (799) spawned without a proper DNA.
[22:31:32] bNA-axB2 DEBUG: The hive node at Bloody Larva (264) spawned without a proper DNA.
[22:31:32] bNA-axB2 DEBUG: The hive node at Bloody Larva (968) spawned without a proper DNA.
[22:31:32] bNA-axB2 DEBUG: The hive node at Bloody Larva (608) spawned without a proper DNA.
[22:31:32] bNA-axB2 DEBUG: The hive node at Bloody Larva (807) spawned without a proper DNA.
[22:31:32] bNA-axB2 DEBUG: The hive node at Bloody Larva (818) spawned without a proper DNA.
[22:31:32] bNA-axB2 DEBUG: The hive node at Bloody Larva (999) spawned without a proper DNA.
[22:31:32] bNA-axB2 DEBUG: The hive node at Bloody Larva (869) spawned without a proper DNA.
[22:31:32] bNA-axB2 DEBUG: The hive node at Bloody Larva (525) spawned without a proper DNA.
[22:31:32] bNA-axB2 DEBUG: The hive node at Bloody Larva (230) spawned without a proper DNA.
[22:31:32] bNA-axB2 DEBUG: The hive node at Bloody Larva (781) spawned without a proper DNA.
[22:31:32] bNA-axB2 DEBUG: The hive node at Bloody Larva (669) spawned without a proper DNA.
[22:31:32] bNA-axB2 DEBUG: The hive node at Bloody Larva (58) spawned without a proper DNA.
[22:31:32] bNA-axB2 DEBUG: The hive node at Bloody Larva (3) spawned without a proper DNA.
[22:31:32] bNA-axB2 DEBUG: The hive node at Bloody Larva (703) spawned without a proper DNA.
[22:31:32] bNA-axB2 DEBUG: The hive node at Bloody Larva (845) spawned without a proper DNA.
[22:31:32] bNA-axB2 DEBUG: The hive node at Bloody Larva (881) spawned without a proper DNA.
[22:31:32] bNA-axB2 DEBUG: The hive node at Bloody Larva (73) spawned without a proper DNA.
[22:31:32] bNA-axB2 DEBUG: The hive node at Bloody Larva (31) spawned without a proper DNA.
[22:31:32] bNA-axB2 DEBUG: The hive node at Bloody Larva (578) spawned without a proper DNA.
[22:31:32] bNA-axB2 DEBUG: The hive node at Bloody Larva (675) spawned without a proper DNA.
[22:31:32] bNA-axB2 DEBUG: The hive node at Bloody Larva (457) spawned without a proper DNA.
[22:31:32] bNA-axB2 DEBUG: The hive node at Bloody Larva (922) spawned without a proper DNA.
[22:31:32] bNA-axB2 DEBUG: The hive node at Bloody Larva (444) spawned without a proper DNA.
[22:31:32] bNA-axB2 DEBUG: The hive node at Bloody Larva (551) spawned without a proper DNA.
[22:31:32] bNA-axB2 DEBUG: The hive node at Bloody Larva (434) spawned without a proper DNA.
[22:31:32] bNA-axB2 DEBUG: The hive node at Bloody Larva (324) spawned without a proper DNA.
[22:31:32] bNA-axB2 DEBUG: The hive node at Bloody Larva (365) spawned without a proper DNA.
[22:31:32] bNA-axB2 DEBUG: The hive node at Bloody Larva (446) spawned without a proper DNA.
[22:31:32] bNA-axB2 DEBUG: The hive node at Bloody Larva (130) spawned without a proper DNA.
[22:31:33] bNA-axB2 DEBUG: The hive node at Bloody Larva (923) spawned without a proper DNA.
[22:31:33] bNA-axB2 DEBUG: The hive node at Bloody Larva (646) spawned without a proper DNA.
[22:31:33] bNA-axB2 DEBUG: The hive node at Bloody Larva (218) spawned without a proper DNA.
[22:31:33] bNA-axB2 DEBUG: The hive node at Bloody Larva (365) spawned without a proper DNA.
[22:31:33] bNA-axB2 DEBUG: The hive node at Bloody Larva (62) spawned without a proper DNA.
[22:31:33] bNA-axB2 DEBUG: The hive node at Bloody Larva (71) spawned without a proper DNA.
[22:31:33] bNA-axB2 DEBUG: The hive node at Bloody Larva (376) spawned without a proper DNA.
[22:31:33] bNA-axB2 DEBUG: The hive node at Bloody Larva (506) spawned without a proper DNA.
[22:31:33] bNA-axB2 DEBUG: The hive node at Bloody Larva (84) spawned without a proper DNA.
[22:31:33] bNA-axB2 DEBUG: The hive node at Bloody Larva (88) spawned without a proper DNA.
[22:31:33] bNA-axB2 DEBUG: The hive node at Bloody Larva (98) spawned without a proper DNA.
[22:31:33] bNA-axB2 DEBUG: The hive node at Bloody Larva (402) spawned without a proper DNA.
[22:31:33] bNA-axB2 DEBUG: The hive node at Bloody Larva (213) spawned without a proper DNA.
[22:31:33] bNA-axB2 DEBUG: The hive node at Bloody Larva (26) spawned without a proper DNA.
[22:31:33] bNA-axB2 DEBUG: The hive node at Bloody Larva (344) spawned without a proper DNA.
[22:31:33] bNA-axB2 DEBUG: The hive node at Bloody Larva (589) spawned without a proper DNA.
[22:31:33] bNA-axB2 DEBUG: The hive node at Bloody Larva (814) spawned without a proper DNA.
[22:31:33] bNA-axB2 DEBUG: The hive node at Bloody Larva (81) spawned without a proper DNA.
[22:31:33] bNA-axB2 DEBUG: The hive node at Bloody Larva (637) spawned without a proper DNA.
[22:31:33] bNA-axB2 DEBUG: The hive node at Bloody Larva (469) spawned without a proper DNA.
[22:31:33] bNA-axB2 DEBUG: The hive node at Bloody Larva (954) spawned without a proper DNA.
[22:31:33] bNA-axB2 DEBUG: The hive node at Bloody Larva (182) spawned without a proper DNA.
[22:31:33] bNA-axB2 DEBUG: The hive node at Bloody Larva (366) spawned without a proper DNA.
[22:31:33] bNA-axB2 DEBUG: The hive node at Bloody Larva (231) spawned without a proper DNA.
[22:31:33] bNA-axB2 DEBUG: The hive node at Bloody Larva (326) spawned without a proper DNA.
[22:31:33] bNA-axB2 DEBUG: The hive node at Bloody Larva (47) spawned without a proper DNA.
[22:31:33] bNA-axB2 DEBUG: The hive node at Bloody Larva (139) spawned without a proper DNA.
[22:31:33] bNA-axB2 DEBUG: The hive node at Bloody Larva (299) spawned without a proper DNA.
[22:31:33] bNA-axB2 DEBUG: The hive node at Bloody Larva (848) spawned without a proper DNA.
[22:31:33] bNA-axB2 DEBUG: The hive node at Bloody Larva (156) spawned without a proper DNA.
[22:31:33] bNA-axB2 DEBUG: The hive node at Bloody Larva (213) spawned without a proper DNA.
[22:31:33] bNA-axB2 DEBUG: The hive node at Bloody Larva (38) spawned without a proper DNA.
[22:31:33] bNA-axB2 DEBUG: The hive node at Bloody Larva (5) spawned without a proper DNA.
[22:31:33] bNA-axB2 DEBUG: The hive node at Bloody Larva (3) spawned without a proper DNA.
[22:31:33] bNA-axB2 DEBUG: The hive node at Bloody Larva (212) spawned without a proper DNA.
[22:31:33] bNA-axB2 DEBUG: The hive node at Bloody Larva (779) spawned without a proper DNA.
[22:31:33] bNA-axB2 DEBUG: The hive node at Bloody Larva (725) spawned without a proper DNA.
[22:31:33] bNA-axB2 DEBUG: The hive node at Bloody Larva (569) spawned without a proper DNA.
[22:31:33] bNA-axB2 DEBUG: The hive node at Bloody Larva (330) spawned without a proper DNA.
[22:31:33] bNA-axB2 DEBUG: The hive node at Bloody Larva (874) spawned without a proper DNA.
[22:31:33] bNA-axB2 DEBUG: The hive node at Bloody Larva (161) spawned without a proper DNA.
[22:31:33] bNA-axB2 DEBUG: The hive node at Bloody Larva (923) spawned without a proper DNA.
[22:31:33] bNA-axB2 DEBUG: The hive node at Bloody Larva (80) spawned without a proper DNA.
[22:31:33] bNA-axB2 DEBUG: The hive node at Bloody Larva (130) spawned without a proper DNA.
[22:31:33] bNA-axB2 DEBUG: The hive node at Bloody Larva (921) spawned without a proper DNA.
[22:31:33] bNA-axB2 DEBUG: The hive node at Bloody Larva (508) spawned without a proper DNA.
[22:31:33] bNA-axB2 DEBUG: The hive node at Bloody Larva (157) spawned without a proper DNA.
[22:31:33] bNA-axB2 DEBUG: The hive node at Bloody Larva (322) spawned without a proper DNA.
[22:31:33] bNA-axB2 DEBUG: The hive node at Bloody Larva (290) spawned without a proper DNA.
[22:31:33] bNA-axB2 DEBUG: The hive node at Bloody Larva (271) spawned without a proper DNA.
[22:31:33] bNA-axB2 DEBUG: The hive node at Bloody Larva (446) spawned without a proper DNA.
[22:32:10] bNA-axB2 ACCESS: Logout: *no key*/(FSB2)
[22:32:10] bNA-axB2 ACCESS: Login: FSB2/(Samara Mcmullen) from localhost-4038160359 || BYOND v511
[22:33:15] bNA-axB2 ACCESS: Logout: FSB2/(Samara Mcmullen)


Starting up. (ID: bNA-ax6W) 22:34.35
---------------------
[22:34:35] bNA-ax6W MISC: Saved mode is 'xeno_raid'
[22:34:38] bNA-ax6W ADMIN: Loading jobban_rank
[22:34:38] bNA-ax6W ADMIN: Loading Banlist
[22:34:38] bNA-ax6W DEBUG: Rebuilding Master Controller
[22:34:38] bNA-ax6W ACCESS: Login: FSB2/(FSB2) from localhost-4038160359 || BYOND v511
[22:34:41] bNA-ax6W DEBUG: The hive node at Bloody Larva (972) spawned without a proper DNA.
[22:34:41] bNA-ax6W DEBUG: The hive node at Bloody Larva (787) spawned without a proper DNA.
[22:34:41] bNA-ax6W DEBUG: The hive node at Bloody Larva (285) spawned without a proper DNA.
[22:34:41] bNA-ax6W DEBUG: The hive node at Bloody Larva (711) spawned without a proper DNA.
[22:34:41] bNA-ax6W DEBUG: The hive node at Bloody Larva (318) spawned without a proper DNA.
[22:34:41] bNA-ax6W DEBUG: The hive node at Bloody Larva (20) spawned without a proper DNA.
[22:34:41] bNA-ax6W DEBUG: The hive node at Bloody Larva (755) spawned without a proper DNA.
[22:34:41] bNA-ax6W DEBUG: The hive node at Bloody Larva (640) spawned without a proper DNA.
[22:34:41] bNA-ax6W DEBUG: The hive node at Bloody Larva (739) spawned without a proper DNA.
[22:34:41] bNA-ax6W DEBUG: The hive node at Bloody Larva (422) spawned without a proper DNA.
[22:34:41] bNA-ax6W DEBUG: The hive node at Bloody Larva (680) spawned without a proper DNA.
[22:34:41] bNA-ax6W DEBUG: The hive node at Bloody Larva (803) spawned without a proper DNA.
[22:34:41] bNA-ax6W DEBUG: The hive node at Bloody Larva (624) spawned without a proper DNA.
[22:34:41] bNA-ax6W DEBUG: The hive node at Bloody Larva (608) spawned without a proper DNA.
[22:34:41] bNA-ax6W DEBUG: The hive node at Bloody Larva (147) spawned without a proper DNA.
[22:34:41] bNA-ax6W DEBUG: The hive node at Bloody Larva (867) spawned without a proper DNA.
[22:34:41] bNA-ax6W DEBUG: The hive node at Bloody Larva (237) spawned without a proper DNA.
[22:34:41] bNA-ax6W DEBUG: The hive node at Bloody Larva (909) spawned without a proper DNA.
[22:34:41] bNA-ax6W DEBUG: The hive node at Bloody Larva (397) spawned without a proper DNA.
[22:34:41] bNA-ax6W DEBUG: The hive node at Bloody Larva (763) spawned without a proper DNA.
[22:34:41] bNA-ax6W DEBUG: The hive node at Bloody Larva (250) spawned without a proper DNA.
[22:34:41] bNA-ax6W DEBUG: The hive node at Bloody Larva (462) spawned without a proper DNA.
[22:34:41] bNA-ax6W DEBUG: The hive node at Bloody Larva (507) spawned without a proper DNA.
[22:34:41] bNA-ax6W DEBUG: The hive node at Bloody Larva (108) spawned without a proper DNA.
[22:34:41] bNA-ax6W DEBUG: The hive node at Bloody Larva (870) spawned without a proper DNA.
[22:34:41] bNA-ax6W DEBUG: The hive node at Bloody Larva (974) spawned without a proper DNA.
[22:34:41] bNA-ax6W DEBUG: The hive node at Bloody Larva (43) spawned without a proper DNA.
[22:34:41] bNA-ax6W DEBUG: The hive node at Bloody Larva (324) spawned without a proper DNA.
[22:34:41] bNA-ax6W DEBUG: The hive node at Bloody Larva (435) spawned without a proper DNA.
[22:34:41] bNA-ax6W DEBUG: The hive node at Bloody Larva (126) spawned without a proper DNA.
[22:34:41] bNA-ax6W DEBUG: The hive node at Bloody Larva (630) spawned without a proper DNA.
[22:34:41] bNA-ax6W DEBUG: The hive node at Bloody Larva (672) spawned without a proper DNA.
[22:34:42] bNA-ax6W DEBUG: The hive node at Bloody Larva (110) spawned without a proper DNA.
[22:34:42] bNA-ax6W DEBUG: The hive node at Bloody Larva (62) spawned without a proper DNA.
[22:34:42] bNA-ax6W DEBUG: The hive node at Bloody Larva (597) spawned without a proper DNA.
[22:34:42] bNA-ax6W DEBUG: The hive node at Bloody Larva (964) spawned without a proper DNA.
[22:34:42] bNA-ax6W DEBUG: The hive node at Bloody Larva (860) spawned without a proper DNA.
[22:34:42] bNA-ax6W DEBUG: The hive node at Bloody Larva (281) spawned without a proper DNA.
[22:34:42] bNA-ax6W DEBUG: The hive node at Bloody Larva (556) spawned without a proper DNA.
[22:34:42] bNA-ax6W DEBUG: The hive node at Bloody Larva (86) spawned without a proper DNA.
[22:34:42] bNA-ax6W DEBUG: The hive node at Bloody Larva (753) spawned without a proper DNA.
[22:34:42] bNA-ax6W DEBUG: The hive node at Bloody Larva (371) spawned without a proper DNA.
[22:34:42] bNA-ax6W DEBUG: The hive node at Bloody Larva (852) spawned without a proper DNA.
[22:34:42] bNA-ax6W DEBUG: The hive node at Bloody Larva (550) spawned without a proper DNA.
[22:34:42] bNA-ax6W DEBUG: The hive node at Bloody Larva (975) spawned without a proper DNA.
[22:34:42] bNA-ax6W DEBUG: The hive node at Bloody Larva (163) spawned without a proper DNA.
[22:34:42] bNA-ax6W DEBUG: The hive node at Bloody Larva (60) spawned without a proper DNA.
[22:34:42] bNA-ax6W DEBUG: The hive node at Bloody Larva (18) spawned without a proper DNA.
[22:34:42] bNA-ax6W DEBUG: The hive node at Bloody Larva (672) spawned without a proper DNA.
[22:34:42] bNA-ax6W DEBUG: The hive node at Bloody Larva (467) spawned without a proper DNA.
[22:34:42] bNA-ax6W DEBUG: The hive node at Bloody Larva (358) spawned without a proper DNA.
[22:34:42] bNA-ax6W DEBUG: The hive node at Bloody Larva (939) spawned without a proper DNA.
[22:34:42] bNA-ax6W DEBUG: The hive node at Bloody Larva (573) spawned without a proper DNA.
[22:34:42] bNA-ax6W DEBUG: The hive node at Bloody Larva (478) spawned without a proper DNA.
[22:34:42] bNA-ax6W DEBUG: The hive node at Bloody Larva (889) spawned without a proper DNA.
[22:34:42] bNA-ax6W DEBUG: The hive node at Bloody Larva (815) spawned without a proper DNA.
[22:34:42] bNA-ax6W DEBUG: The hive node at Bloody Larva (287) spawned without a proper DNA.
[22:34:42] bNA-ax6W DEBUG: The hive node at Bloody Larva (945) spawned without a proper DNA.
[22:34:42] bNA-ax6W DEBUG: The hive node at Bloody Larva (237) spawned without a proper DNA.
[22:34:42] bNA-ax6W DEBUG: The hive node at Bloody Larva (253) spawned without a proper DNA.
[22:34:42] bNA-ax6W DEBUG: The hive node at Bloody Larva (981) spawned without a proper DNA.
[22:34:42] bNA-ax6W DEBUG: The hive node at Bloody Larva (404) spawned without a proper DNA.
[22:34:42] bNA-ax6W DEBUG: The hive node at Bloody Larva (314) spawned without a proper DNA.
[22:34:42] bNA-ax6W DEBUG: The hive node at Bloody Larva (545) spawned without a proper DNA.
[22:34:42] bNA-ax6W DEBUG: The hive node at Bloody Larva (264) spawned without a proper DNA.
[22:34:42] bNA-ax6W DEBUG: The hive node at Bloody Larva (765) spawned without a proper DNA.
[22:34:42] bNA-ax6W DEBUG: The hive node at Bloody Larva (318) spawned without a proper DNA.
[22:34:42] bNA-ax6W DEBUG: The hive node at Bloody Larva (356) spawned without a proper DNA.
[22:34:42] bNA-ax6W DEBUG: The hive node at Bloody Larva (958) spawned without a proper DNA.
[22:34:42] bNA-ax6W DEBUG: The hive node at Bloody Larva (328) spawned without a proper DNA.
[22:34:42] bNA-ax6W DEBUG: The hive node at Bloody Larva (417) spawned without a proper DNA.
[22:34:42] bNA-ax6W DEBUG: The hive node at Bloody Larva (50) spawned without a proper DNA.
[22:34:42] bNA-ax6W DEBUG: The hive node at Bloody Larva (278) spawned without a proper DNA.
[22:34:42] bNA-ax6W DEBUG: The hive node at Bloody Larva (893) spawned without a proper DNA.
[22:34:42] bNA-ax6W DEBUG: The hive node at Bloody Larva (739) spawned without a proper DNA.
[22:34:42] bNA-ax6W DEBUG: The hive node at Bloody Larva (284) spawned without a proper DNA.
[22:34:42] bNA-ax6W DEBUG: The hive node at Bloody Larva (92) spawned without a proper DNA.
[22:34:42] bNA-ax6W DEBUG: The hive node at Bloody Larva (478) spawned without a proper DNA.
[22:34:43] bNA-ax6W DEBUG: The hive node at Bloody Larva (130) spawned without a proper DNA.
[22:34:43] bNA-ax6W DEBUG: The hive node at Bloody Larva (316) spawned without a proper DNA.
[22:34:43] bNA-ax6W DEBUG: The hive node at Bloody Larva (706) spawned without a proper DNA.
[22:34:43] bNA-ax6W DEBUG: The hive node at Bloody Larva (980) spawned without a proper DNA.
[22:34:43] bNA-ax6W DEBUG: The hive node at Bloody Larva (126) spawned without a proper DNA.
[22:34:43] bNA-ax6W DEBUG: The hive node at Bloody Larva (776) spawned without a proper DNA.
[22:34:43] bNA-ax6W DEBUG: The hive node at Bloody Larva (480) spawned without a proper DNA.
[22:34:43] bNA-ax6W DEBUG: The hive node at Bloody Larva (144) spawned without a proper DNA.
[22:34:43] bNA-ax6W DEBUG: The hive node at Bloody Larva (13) spawned without a proper DNA.
[22:34:43] bNA-ax6W DEBUG: The hive node at Bloody Larva (534) spawned without a proper DNA.
[22:34:43] bNA-ax6W DEBUG: The hive node at Bloody Larva (959) spawned without a proper DNA.
[22:34:43] bNA-ax6W DEBUG: The hive node at Bloody Larva (634) spawned without a proper DNA.
[22:34:43] bNA-ax6W DEBUG: The hive node at Bloody Larva (302) spawned without a proper DNA.
[22:34:43] bNA-ax6W DEBUG: The hive node at Bloody Larva (98) spawned without a proper DNA.
[22:34:43] bNA-ax6W DEBUG: The hive node at Bloody Larva (501) spawned without a proper DNA.
[22:34:43] bNA-ax6W DEBUG: The hive node at Bloody Larva (835) spawned without a proper DNA.
[22:34:43] bNA-ax6W DEBUG: The hive node at Bloody Larva (73) spawned without a proper DNA.
[22:34:43] bNA-ax6W DEBUG: The hive node at Bloody Larva (474) spawned without a proper DNA.
[22:34:43] bNA-ax6W DEBUG: The hive node at Bloody Larva (983) spawned without a proper DNA.
[22:34:43] bNA-ax6W DEBUG: The hive node at Bloody Larva (738) spawned without a proper DNA.
[22:34:43] bNA-ax6W DEBUG: The hive node at Bloody Larva (423) spawned without a proper DNA.
[22:34:43] bNA-ax6W DEBUG: The hive node at Bloody Larva (988) spawned without a proper DNA.
[22:35:18] bNA-ax6W ACCESS: Logout: FSB2/(FSB2)


Starting up. (ID: bNA-ayqF) 22:36.41
---------------------
[22:36:41] bNA-ayqF MISC: Saved mode is 'xeno_raid'
[22:36:44] bNA-ayqF ADMIN: Loading jobban_rank
[22:36:44] bNA-ayqF ADMIN: Loading Banlist
[22:36:44] bNA-ayqF DEBUG: Rebuilding Master Controller
[22:36:44] bNA-ayqF ACCESS: Login: Cherkir/(Cherkir) from localhost-4038160359 || BYOND v511
[22:36:48] bNA-ayqF DEBUG: The hive node at Bloody Larva (387) spawned without a proper DNA.
[22:36:48] bNA-ayqF DEBUG: The hive node at Bloody Larva (264) spawned without a proper DNA.
[22:36:48] bNA-ayqF DEBUG: The hive node at Bloody Larva (900) spawned without a proper DNA.
[22:36:48] bNA-ayqF DEBUG: The hive node at Bloody Larva (74) spawned without a proper DNA.
[22:36:48] bNA-ayqF DEBUG: The hive node at Bloody Larva (742) spawned without a proper DNA.
[22:36:48] bNA-ayqF DEBUG: The hive node at Bloody Larva (833) spawned without a proper DNA.
[22:36:48] bNA-ayqF DEBUG: The hive node at Bloody Larva (19) spawned without a proper DNA.
[22:36:48] bNA-ayqF DEBUG: The hive node at Bloody Larva (223) spawned without a proper DNA.
[22:36:48] bNA-ayqF DEBUG: The hive node at Bloody Larva (693) spawned without a proper DNA.
[22:36:49] bNA-ayqF DEBUG: The hive node at Bloody Larva (711) spawned without a proper DNA.
[22:36:49] bNA-ayqF DEBUG: The hive node at Bloody Larva (471) spawned without a proper DNA.
[22:36:49] bNA-ayqF DEBUG: The hive node at Bloody Larva (597) spawned without a proper DNA.
[22:36:49] bNA-ayqF DEBUG: The hive node at Bloody Larva (797) spawned without a proper DNA.
[22:36:49] bNA-ayqF DEBUG: The hive node at Bloody Larva (88) spawned without a proper DNA.
[22:36:49] bNA-ayqF DEBUG: The hive node at Bloody Larva (343) spawned without a proper DNA.
[22:36:49] bNA-ayqF DEBUG: The hive node at Bloody Larva (378) spawned without a proper DNA.
[22:36:49] bNA-ayqF DEBUG: The hive node at Bloody Larva (269) spawned without a proper DNA.
[22:36:49] bNA-ayqF DEBUG: The hive node at Bloody Larva (353) spawned without a proper DNA.
[22:36:49] bNA-ayqF DEBUG: The hive node at Bloody Larva (766) spawned without a proper DNA.
[22:36:49] bNA-ayqF DEBUG: The hive node at Bloody Larva (405) spawned without a proper DNA.
[22:36:49] bNA-ayqF DEBUG: The hive node at Bloody Larva (849) spawned without a proper DNA.
[22:36:49] bNA-ayqF DEBUG: The hive node at Bloody Larva (170) spawned without a proper DNA.
[22:36:49] bNA-ayqF DEBUG: The hive node at Bloody Larva (17) spawned without a proper DNA.
[22:36:49] bNA-ayqF DEBUG: The hive node at Bloody Larva (177) spawned without a proper DNA.
[22:36:49] bNA-ayqF DEBUG: The hive node at Bloody Larva (464) spawned without a proper DNA.
[22:36:49] bNA-ayqF DEBUG: The hive node at Bloody Larva (397) spawned without a proper DNA.
[22:36:49] bNA-ayqF DEBUG: The hive node at Bloody Larva (276) spawned without a proper DNA.
[22:36:49] bNA-ayqF DEBUG: The hive node at Bloody Larva (761) spawned without a proper DNA.
[22:36:49] bNA-ayqF DEBUG: The hive node at Bloody Larva (851) spawned without a proper DNA.
[22:36:49] bNA-ayqF DEBUG: The hive node at Bloody Larva (477) spawned without a proper DNA.
[22:36:49] bNA-ayqF DEBUG: The hive node at Bloody Larva (741) spawned without a proper DNA.
[22:36:49] bNA-ayqF DEBUG: The hive node at Bloody Larva (782) spawned without a proper DNA.
[22:36:49] bNA-ayqF DEBUG: The hive node at Bloody Larva (687) spawned without a proper DNA.
[22:36:49] bNA-ayqF DEBUG: The hive node at Bloody Larva (424) spawned without a proper DNA.
[22:36:49] bNA-ayqF DEBUG: The hive node at Bloody Larva (565) spawned without a proper DNA.
[22:36:49] bNA-ayqF DEBUG: The hive node at Bloody Larva (706) spawned without a proper DNA.
[22:36:49] bNA-ayqF DEBUG: The hive node at Bloody Larva (13) spawned without a proper DNA.
[22:36:49] bNA-ayqF DEBUG: The hive node at Bloody Larva (432) spawned without a proper DNA.
[22:36:49] bNA-ayqF DEBUG: The hive node at Bloody Larva (311) spawned without a proper DNA.
[22:36:49] bNA-ayqF DEBUG: The hive node at Bloody Larva (373) spawned without a proper DNA.
[22:36:49] bNA-ayqF DEBUG: The hive node at Bloody Larva (323) spawned without a proper DNA.
[22:36:49] bNA-ayqF DEBUG: The hive node at Bloody Larva (612) spawned without a proper DNA.
[22:36:49] bNA-ayqF DEBUG: The hive node at Bloody Larva (354) spawned without a proper DNA.
[22:36:49] bNA-ayqF DEBUG: The hive node at Bloody Larva (574) spawned without a proper DNA.
[22:36:49] bNA-ayqF DEBUG: The hive node at Bloody Larva (393) spawned without a proper DNA.
[22:36:49] bNA-ayqF DEBUG: The hive node at Bloody Larva (586) spawned without a proper DNA.
[22:36:49] bNA-ayqF DEBUG: The hive node at Bloody Larva (681) spawned without a proper DNA.
[22:36:49] bNA-ayqF DEBUG: The hive node at Bloody Larva (265) spawned without a proper DNA.
[22:36:49] bNA-ayqF DEBUG: The hive node at Bloody Larva (686) spawned without a proper DNA.
[22:36:50] bNA-ayqF DEBUG: The hive node at Bloody Larva (638) spawned without a proper DNA.
[22:36:50] bNA-ayqF DEBUG: The hive node at Bloody Larva (658) spawned without a proper DNA.
[22:36:50] bNA-ayqF DEBUG: The hive node at Bloody Larva (101) spawned without a proper DNA.
[22:36:50] bNA-ayqF DEBUG: The hive node at Bloody Larva (722) spawned without a proper DNA.
[22:36:50] bNA-ayqF DEBUG: The hive node at Bloody Larva (558) spawned without a proper DNA.
[22:36:50] bNA-ayqF DEBUG: The hive node at Bloody Larva (740) spawned without a proper DNA.
[22:36:50] bNA-ayqF DEBUG: The hive node at Bloody Larva (509) spawned without a proper DNA.
[22:36:50] bNA-ayqF DEBUG: The hive node at Bloody Larva (253) spawned without a proper DNA.
[22:36:50] bNA-ayqF DEBUG: The hive node at Bloody Larva (82) spawned without a proper DNA.
[22:36:50] bNA-ayqF DEBUG: The hive node at Bloody Larva (911) spawned without a proper DNA.
[22:36:50] bNA-ayqF DEBUG: The hive node at Bloody Larva (204) spawned without a proper DNA.
[22:36:50] bNA-ayqF DEBUG: The hive node at Bloody Larva (713) spawned without a proper DNA.
[22:36:50] bNA-ayqF DEBUG: The hive node at Bloody Larva (517) spawned without a proper DNA.
[22:36:50] bNA-ayqF DEBUG: The hive node at Bloody Larva (92) spawned without a proper DNA.
[22:36:50] bNA-ayqF DEBUG: The hive node at Bloody Larva (126) spawned without a proper DNA.
[22:36:50] bNA-ayqF DEBUG: The hive node at Bloody Larva (993) spawned without a proper DNA.
[22:36:50] bNA-ayqF DEBUG: The hive node at Bloody Larva (131) spawned without a proper DNA.
[22:36:50] bNA-ayqF DEBUG: The hive node at Bloody Larva (517) spawned without a proper DNA.
[22:36:50] bNA-ayqF DEBUG: The hive node at Bloody Larva (583) spawned without a proper DNA.
[22:36:50] bNA-ayqF DEBUG: The hive node at Bloody Larva (920) spawned without a proper DNA.
[22:36:50] bNA-ayqF DEBUG: The hive node at Bloody Larva (218) spawned without a proper DNA.
[22:36:50] bNA-ayqF DEBUG: The hive node at Bloody Larva (65) spawned without a proper DNA.
[22:36:50] bNA-ayqF DEBUG: The hive node at Bloody Larva (238) spawned without a proper DNA.
[22:36:50] bNA-ayqF DEBUG: The hive node at Bloody Larva (773) spawned without a proper DNA.
[22:36:50] bNA-ayqF DEBUG: The hive node at Bloody Larva (67) spawned without a proper DNA.
[22:36:50] bNA-ayqF DEBUG: The hive node at Bloody Larva (922) spawned without a proper DNA.
[22:36:50] bNA-ayqF DEBUG: The hive node at Bloody Larva (296) spawned without a proper DNA.
[22:36:51] bNA-ayqF DEBUG: The hive node at Bloody Larva (249) spawned without a proper DNA.
[22:36:51] bNA-ayqF DEBUG: The hive node at Bloody Larva (607) spawned without a proper DNA.
[22:36:51] bNA-ayqF DEBUG: The hive node at Bloody Larva (186) spawned without a proper DNA.
[22:36:51] bNA-ayqF DEBUG: The hive node at Bloody Larva (316) spawned without a proper DNA.
[22:36:51] bNA-ayqF DEBUG: The hive node at Bloody Larva (556) spawned without a proper DNA.
[22:36:51] bNA-ayqF DEBUG: The hive node at Bloody Larva (843) spawned without a proper DNA.
[22:36:51] bNA-ayqF DEBUG: The hive node at Bloody Larva (768) spawned without a proper DNA.
[22:36:51] bNA-ayqF DEBUG: The hive node at Bloody Larva (322) spawned without a proper DNA.
[22:36:51] bNA-ayqF DEBUG: The hive node at Bloody Larva (221) spawned without a proper DNA.
[22:36:51] bNA-ayqF DEBUG: The hive node at Bloody Larva (912) spawned without a proper DNA.
[22:36:51] bNA-ayqF DEBUG: The hive node at Bloody Larva (72) spawned without a proper DNA.
[22:36:51] bNA-ayqF DEBUG: The hive node at Bloody Larva (578) spawned without a proper DNA.
[22:36:51] bNA-ayqF DEBUG: The hive node at Bloody Larva (191) spawned without a proper DNA.
[22:36:51] bNA-ayqF DEBUG: The hive node at Bloody Larva (52) spawned without a proper DNA.
[22:36:51] bNA-ayqF DEBUG: The hive node at Bloody Larva (995) spawned without a proper DNA.
[22:36:51] bNA-ayqF DEBUG: The hive node at Bloody Larva (499) spawned without a proper DNA.
[22:36:51] bNA-ayqF DEBUG: The hive node at Bloody Larva (627) spawned without a proper DNA.
[22:36:51] bNA-ayqF DEBUG: The hive node at Bloody Larva (479) spawned without a proper DNA.
[22:36:51] bNA-ayqF DEBUG: The hive node at Bloody Larva (349) spawned without a proper DNA.
[22:36:51] bNA-ayqF DEBUG: The hive node at Bloody Larva (90) spawned without a proper DNA.
[22:36:51] bNA-ayqF DEBUG: The hive node at Bloody Larva (717) spawned without a proper DNA.
[22:36:51] bNA-ayqF DEBUG: The hive node at Bloody Larva (985) spawned without a proper DNA.
[22:36:51] bNA-ayqF DEBUG: The hive node at Bloody Larva (750) spawned without a proper DNA.
[22:36:51] bNA-ayqF DEBUG: The hive node at Bloody Larva (598) spawned without a proper DNA.
[22:37:27] bNA-ayqF ADMIN: Cherkir has started the game.
[22:37:28] bNA-ayqF DEBUG: Cherkir had xeno_bloated enabled, so we are drafting them.
[22:37:28] bNA-ayqF DEBUG: Cherkir has been selected for Elite Xenomorph by lottery.
[22:37:28] bNA-ayqF DEBUG: Cherkir was selected for Elite Xenomorph by lottery, but they already have a special role.
[22:37:28] bNA-ayqF ACCESS: Logout: *no key*/(Cherkir)
[22:37:28] bNA-ayqF ACCESS: Login: Cherkir/(Jonathon Hooker) from localhost-4038160359 || BYOND v511
[22:37:28] bNA-ayqF ACCESS: Logout: *no key*/(Jonathon Hooker)
[22:37:28] bNA-ayqF ACCESS: Login: Cherkir/(Xenomorph (2)) from localhost-4038160359 || BYOND v511
[22:37:28] bNA-ayqF DEBUG: Next event of severity Mundane in 14.888 minutes.
[22:37:29] bNA-ayqF DEBUG: Next event of severity Moderate in 39.864 minutes.
[22:37:29] bNA-ayqF DEBUG: Next event of severity Major in 93.3383 minutes.
[22:37:34] bNA-ayqF GAME: <a href='?priv_msg=[0x5000000]'>Cherkir</a>/(<font color='#FFA500'>Xenomorph (2)</font>) has ghosted.
[22:37:34] bNA-ayqF ACCESS: Logout: *no key*/(Xenomorph (2))
[22:37:34] bNA-ayqF ACCESS: Login: Cherkir/(Jonathon Hooker) from localhost-4038160359 || BYOND v511
[22:37:38] bNA-ayqF EMOTE: Montague Holdeman/ : gasps!
[22:37:38] bNA-ayqF EMOTE: Montague Holdeman/ : <B>Montague Holdeman</B> gasps!
[22:37:40] bNA-ayqF EMOTE: Montague Holdeman/ : gasps!
[22:37:40] bNA-ayqF EMOTE: Montague Holdeman/ : <B>Montague Holdeman</B> gasps!
[22:37:50] bNA-ayqF EMOTE: Experiment 97d/ : <B>Experiment 97d</B> shakes its head.
[22:37:52] bNA-ayqF EMOTE: Montague Holdeman/ : gasps!
[22:37:52] bNA-ayqF EMOTE: Montague Holdeman/ : <B>Montague Holdeman</B> gasps!
[22:37:54] bNA-ayqF EMOTE: Montague Holdeman/ : gasps!
[22:37:54] bNA-ayqF EMOTE: Montague Holdeman/ : <B>Montague Holdeman</B> gasps!
[22:37:58] bNA-ayqF EMOTE: Montague Holdeman/ : gasps!
[22:37:58] bNA-ayqF EMOTE: Montague Holdeman/ : <B>Montague Holdeman</B> gasps!
[22:38:00] bNA-ayqF EMOTE: Montague Holdeman/ : gasps!
[22:38:00] bNA-ayqF EMOTE: Montague Holdeman/ : <B>Montague Holdeman</B> gasps!
[22:38:01] bNA-ayqF ADMIN: Cherkir/(Jonathon Hooker) has used rudimentary transformation on Cherkir/(Jonathon Hooker). Transforming to human; deletemob=1
[22:38:01] bNA-ayqF ACCESS: Logout: *no key*/(Jonathon Hooker)
[22:38:01] bNA-ayqF ACCESS: Login: Cherkir/(Jonathon Hooker) from localhost-4038160359 || BYOND v511
[22:38:04] bNA-ayqF ACCESS: Logout: *no key*/(Jonathon Hooker)
[22:38:04] bNA-ayqF ACCESS: Login: Cherkir/(Jonathon Hooker) from localhost-4038160359 || BYOND v511
[22:38:06] bNA-ayqF GAME: Antagonists at round end were...
[22:38:06] bNA-ayqF GAME: Elite Xenomorphs: Jonathon Hooker(Cherkir).
[22:38:12] bNA-ayqF EMOTE: Montague Holdeman/ : gasps!
[22:38:12] bNA-ayqF EMOTE: Montague Holdeman/ : <B>Montague Holdeman</B> gasps!
[22:38:14] bNA-ayqF EMOTE: Montague Holdeman/ : gasps!
[22:38:14] bNA-ayqF EMOTE: Montague Holdeman/ : <B>Montague Holdeman</B> gasps!
[22:38:24] bNA-ayqF SAY: Ian/ : Bark!
[22:38:30] bNA-ayqF EMOTE: Montague Holdeman/ : gasps!
[22:38:30] bNA-ayqF EMOTE: Montague Holdeman/ : <B>Montague Holdeman</B> gasps!
[22:38:34] bNA-ayqF EMOTE: Ian/ : <B>Ian</B> shakes its head.
[22:38:38] bNA-ayqF EMOTE: chicken/ : <B>The chicken</B> flaps its wings viciously.
[22:38:40] bNA-ayqF ACCESS: Logout: Cherkir/(Jonathon Hooker)
