

Starting up. (ID: bNF-du3A) 18:05.33
---------------------
[18:05:33] bNF-du3A MISC: Saved mode is 'xeno_raid'
[18:05:33] bNF-du3A DEBUG: BOREALIS: Failed to update channels due to missing database.
[18:05:34] bNF-du3A ADMIN: Loading jobban_rank
[18:05:34] bNF-du3A ADMIN: Loading Banlist
[18:05:34] bNF-du3A DEBUG: Rebuilding Master Controller
[18:05:34] bNF-du3A ACCESS: Login: Furry Chicken/(Furry Chicken) from localhost-4038160359 || BYOND v511
[18:05:39] bNF-du3A DEBUG: The hive node at Bloody Larva (514) spawned without a proper DNA.
[18:05:39] bNF-du3A DEBUG: The hive node at Bloody Larva (912) spawned without a proper DNA.
[18:05:39] bNF-du3A DEBUG: The hive node at Bloody Larva (829) spawned without a proper DNA.
[18:05:39] bNF-du3A DEBUG: The hive node at Bloody Larva (771) spawned without a proper DNA.
[18:05:39] bNF-du3A DEBUG: The hive node at Bloody Larva (400) spawned without a proper DNA.
[18:05:39] bNF-du3A DEBUG: The hive node at Bloody Larva (889) spawned without a proper DNA.
[18:05:39] bNF-du3A DEBUG: The hive node at Bloody Larva (90) spawned without a proper DNA.
[18:05:39] bNF-du3A DEBUG: The hive node at Bloody Larva (536) spawned without a proper DNA.
[18:05:39] bNF-du3A DEBUG: The hive node at Bloody Larva (36) spawned without a proper DNA.
[18:05:39] bNF-du3A DEBUG: The hive node at Bloody Larva (742) spawned without a proper DNA.
[18:05:39] bNF-du3A DEBUG: The hive node at Bloody Larva (693) spawned without a proper DNA.
[18:05:39] bNF-du3A DEBUG: The hive node at Bloody Larva (671) spawned without a proper DNA.
[18:05:39] bNF-du3A DEBUG: The hive node at Bloody Larva (239) spawned without a proper DNA.
[18:05:40] bNF-du3A DEBUG: The hive node at Bloody Larva (97) spawned without a proper DNA.
[18:05:40] bNF-du3A DEBUG: The hive node at Bloody Larva (981) spawned without a proper DNA.
[18:05:40] bNF-du3A DEBUG: The hive node at Bloody Larva (954) spawned without a proper DNA.
[18:05:40] bNF-du3A DEBUG: The hive node at Bloody Larva (113) spawned without a proper DNA.
[18:05:40] bNF-du3A DEBUG: The hive node at Bloody Larva (97) spawned without a proper DNA.
[18:05:40] bNF-du3A DEBUG: The hive node at Bloody Larva (431) spawned without a proper DNA.
[18:05:40] bNF-du3A DEBUG: The hive node at Bloody Larva (383) spawned without a proper DNA.
[18:05:40] bNF-du3A DEBUG: The hive node at Bloody Larva (958) spawned without a proper DNA.
[18:05:40] bNF-du3A DEBUG: The hive node at Bloody Larva (235) spawned without a proper DNA.
[18:05:40] bNF-du3A DEBUG: The hive node at Bloody Larva (990) spawned without a proper DNA.
[18:05:40] bNF-du3A DEBUG: The hive node at Bloody Larva (844) spawned without a proper DNA.
[18:05:40] bNF-du3A DEBUG: The hive node at Bloody Larva (911) spawned without a proper DNA.
[18:05:40] bNF-du3A DEBUG: The hive node at Bloody Larva (402) spawned without a proper DNA.
[18:05:40] bNF-du3A DEBUG: The hive node at Bloody Larva (48) spawned without a proper DNA.
[18:05:40] bNF-du3A DEBUG: The hive node at Bloody Larva (656) spawned without a proper DNA.
[18:05:40] bNF-du3A DEBUG: The hive node at Bloody Larva (921) spawned without a proper DNA.
[18:05:40] bNF-du3A DEBUG: The hive node at Bloody Larva (38) spawned without a proper DNA.
[18:05:40] bNF-du3A DEBUG: The hive node at Bloody Larva (671) spawned without a proper DNA.
[18:05:40] bNF-du3A DEBUG: The hive node at Bloody Larva (423) spawned without a proper DNA.
[18:05:40] bNF-du3A DEBUG: The hive node at Bloody Larva (392) spawned without a proper DNA.
[18:05:40] bNF-du3A DEBUG: The hive node at Bloody Larva (127) spawned without a proper DNA.
[18:05:40] bNF-du3A DEBUG: The hive node at Bloody Larva (152) spawned without a proper DNA.
[18:05:40] bNF-du3A DEBUG: The hive node at Bloody Larva (169) spawned without a proper DNA.
[18:05:40] bNF-du3A DEBUG: The hive node at Bloody Larva (883) spawned without a proper DNA.
[18:05:40] bNF-du3A DEBUG: The hive node at Bloody Larva (957) spawned without a proper DNA.
[18:05:40] bNF-du3A DEBUG: The hive node at Bloody Larva (931) spawned without a proper DNA.
[18:05:40] bNF-du3A DEBUG: The hive node at Bloody Larva (63) spawned without a proper DNA.
[18:05:40] bNF-du3A DEBUG: The hive node at Bloody Larva (79) spawned without a proper DNA.
[18:05:40] bNF-du3A DEBUG: The hive node at Bloody Larva (428) spawned without a proper DNA.
[18:05:40] bNF-du3A DEBUG: The hive node at Bloody Larva (344) spawned without a proper DNA.
[18:05:40] bNF-du3A DEBUG: The hive node at Bloody Larva (745) spawned without a proper DNA.
[18:05:40] bNF-du3A DEBUG: The hive node at Bloody Larva (455) spawned without a proper DNA.
[18:05:40] bNF-du3A DEBUG: The hive node at Bloody Larva (223) spawned without a proper DNA.
[18:05:40] bNF-du3A DEBUG: The hive node at Bloody Larva (30) spawned without a proper DNA.
[18:05:40] bNF-du3A DEBUG: The hive node at Bloody Larva (723) spawned without a proper DNA.
[18:05:40] bNF-du3A DEBUG: The hive node at Bloody Larva (906) spawned without a proper DNA.
[18:05:40] bNF-du3A DEBUG: The hive node at Bloody Larva (597) spawned without a proper DNA.
[18:05:40] bNF-du3A DEBUG: The hive node at Bloody Larva (757) spawned without a proper DNA.
[18:05:40] bNF-du3A DEBUG: The hive node at Bloody Larva (279) spawned without a proper DNA.
[18:05:40] bNF-du3A DEBUG: The hive node at Bloody Larva (443) spawned without a proper DNA.
[18:05:40] bNF-du3A DEBUG: The hive node at Bloody Larva (950) spawned without a proper DNA.
[18:05:40] bNF-du3A DEBUG: The hive node at Bloody Larva (39) spawned without a proper DNA.
[18:05:40] bNF-du3A DEBUG: The hive node at Bloody Larva (216) spawned without a proper DNA.
[18:05:40] bNF-du3A DEBUG: The hive node at Bloody Larva (707) spawned without a proper DNA.
[18:05:40] bNF-du3A DEBUG: The hive node at Bloody Larva (717) spawned without a proper DNA.
[18:05:40] bNF-du3A DEBUG: The hive node at Bloody Larva (106) spawned without a proper DNA.
[18:05:40] bNF-du3A DEBUG: The hive node at Bloody Larva (723) spawned without a proper DNA.
[18:05:40] bNF-du3A DEBUG: The hive node at Bloody Larva (955) spawned without a proper DNA.
[18:05:40] bNF-du3A DEBUG: The hive node at Bloody Larva (505) spawned without a proper DNA.
[18:05:40] bNF-du3A DEBUG: The hive node at Bloody Larva (489) spawned without a proper DNA.
[18:05:40] bNF-du3A DEBUG: The hive node at Bloody Larva (416) spawned without a proper DNA.
[18:05:40] bNF-du3A DEBUG: The hive node at Bloody Larva (526) spawned without a proper DNA.
[18:05:40] bNF-du3A DEBUG: The hive node at Bloody Larva (980) spawned without a proper DNA.
[18:05:40] bNF-du3A DEBUG: The hive node at Bloody Larva (621) spawned without a proper DNA.
[18:05:40] bNF-du3A DEBUG: The hive node at Bloody Larva (276) spawned without a proper DNA.
[18:05:40] bNF-du3A DEBUG: The hive node at Bloody Larva (96) spawned without a proper DNA.
[18:05:40] bNF-du3A DEBUG: The hive node at Bloody Larva (809) spawned without a proper DNA.
[18:05:40] bNF-du3A DEBUG: The hive node at Bloody Larva (797) spawned without a proper DNA.
[18:05:40] bNF-du3A DEBUG: The hive node at Bloody Larva (37) spawned without a proper DNA.
[18:05:40] bNF-du3A DEBUG: The hive node at Bloody Larva (479) spawned without a proper DNA.
[18:05:40] bNF-du3A DEBUG: The hive node at Bloody Larva (293) spawned without a proper DNA.
[18:05:40] bNF-du3A DEBUG: The hive node at Bloody Larva (378) spawned without a proper DNA.
[18:05:40] bNF-du3A DEBUG: The hive node at Bloody Larva (587) spawned without a proper DNA.
[18:05:40] bNF-du3A DEBUG: The hive node at Bloody Larva (744) spawned without a proper DNA.
[18:05:40] bNF-du3A DEBUG: The hive node at Bloody Larva (602) spawned without a proper DNA.
[18:05:40] bNF-du3A DEBUG: The hive node at Bloody Larva (609) spawned without a proper DNA.
[18:05:40] bNF-du3A DEBUG: The hive node at Bloody Larva (693) spawned without a proper DNA.
[18:05:41] bNF-du3A DEBUG: The hive node at Bloody Larva (456) spawned without a proper DNA.
[18:05:41] bNF-du3A DEBUG: The hive node at Bloody Larva (557) spawned without a proper DNA.
[18:05:41] bNF-du3A DEBUG: The hive node at Bloody Larva (224) spawned without a proper DNA.
[18:05:41] bNF-du3A DEBUG: The hive node at Bloody Larva (749) spawned without a proper DNA.
[18:05:41] bNF-du3A DEBUG: The hive node at Bloody Larva (340) spawned without a proper DNA.
[18:05:41] bNF-du3A DEBUG: The hive node at Bloody Larva (871) spawned without a proper DNA.
[18:05:41] bNF-du3A DEBUG: The hive node at Bloody Larva (452) spawned without a proper DNA.
[18:05:41] bNF-du3A DEBUG: The hive node at Bloody Larva (181) spawned without a proper DNA.
[18:05:41] bNF-du3A DEBUG: The hive node at Bloody Larva (34) spawned without a proper DNA.
[18:05:41] bNF-du3A DEBUG: The hive node at Bloody Larva (813) spawned without a proper DNA.
[18:05:41] bNF-du3A DEBUG: The hive node at Bloody Larva (192) spawned without a proper DNA.
[18:05:41] bNF-du3A DEBUG: The hive node at Bloody Larva (224) spawned without a proper DNA.
[18:05:41] bNF-du3A DEBUG: The hive node at Bloody Larva (214) spawned without a proper DNA.
[18:05:41] bNF-du3A DEBUG: The hive node at Bloody Larva (514) spawned without a proper DNA.
[18:05:41] bNF-du3A DEBUG: The hive node at Bloody Larva (379) spawned without a proper DNA.
[18:05:41] bNF-du3A DEBUG: The hive node at Bloody Larva (733) spawned without a proper DNA.
[18:05:41] bNF-du3A DEBUG: The hive node at Bloody Larva (284) spawned without a proper DNA.
[18:05:41] bNF-du3A DEBUG: The hive node at Bloody Larva (5) spawned without a proper DNA.
[18:05:41] bNF-du3A DEBUG: The hive node at Bloody Larva (954) spawned without a proper DNA.
[18:05:41] bNF-du3A DEBUG: The hive node at Bloody Larva (521) spawned without a proper DNA.
[18:06:14] bNF-du3A ADMIN: Furry Chicken has started the game.
[18:06:15] bNF-du3A DEBUG: Furry Chicken had xeno_bloated enabled, so we are drafting them.
[18:06:15] bNF-du3A DEBUG: Furry Chicken has been selected for Elite Xenomorph by lottery.
[18:06:15] bNF-du3A DEBUG: Furry Chicken was selected for Elite Xenomorph by lottery, but they already have a special role.
[18:06:15] bNF-du3A ACCESS: Logout: *no key*/(Furry Chicken)
[18:06:15] bNF-du3A ACCESS: Login: Furry Chicken/(Vaclav Havel) from localhost-4038160359 || BYOND v511
[18:06:15] bNF-du3A ACCESS: Logout: *no key*/(Vaclav Havel)
[18:06:15] bNF-du3A ACCESS: Login: Furry Chicken/(Xenomorph (2)) from localhost-4038160359 || BYOND v511
[18:06:15] bNF-du3A DEBUG: Next event of severity Mundane in 13.554 minutes.
[18:06:18] bNF-du3A DEBUG: Next event of severity Moderate in 48.818 minutes.
[18:06:18] bNF-du3A DEBUG: Next event of severity Major in 91.6867 minutes.
[18:06:27] bNF-du3A EMOTE: Ian/ : <B>Ian</B> dances around
[18:06:33] bNF-du3A ACCESS: Logout: *no key*/(Xenomorph (2))
[18:06:33] bNF-du3A ACCESS: Login: Furry Chicken/(Vaclav Havel) from localhost-4038160359 || BYOND v511
[18:06:41] bNF-du3A EMOTE: Joe Allen/ : gasps!
[18:06:41] bNF-du3A EMOTE: Joe Allen/ : <B>Joe Allen</B> gasps!
[18:06:41] bNF-du3A EMOTE: Joe Allen/ : snores.
[18:06:41] bNF-du3A EMOTE: Joe Allen/ : <B>Joe Allen</B> snores.
[18:06:49] bNF-du3A EMOTE: Joe Allen/ : gasps!
[18:06:49] bNF-du3A EMOTE: Joe Allen/ : <B>Joe Allen</B> gasps!
[18:06:51] bNF-du3A EMOTE: Joe Allen/ : snores.
[18:06:51] bNF-du3A EMOTE: Joe Allen/ : <B>Joe Allen</B> snores.
[18:07:01] bNF-du3A GAME: Antagonists at round end were...
[18:07:01] bNF-du3A GAME: Elite Xenomorphs: Vaclav Havel(Furry Chicken).
[18:07:01] bNF-du3A EMOTE: Joe Allen/ : gasps!
[18:07:01] bNF-du3A EMOTE: Joe Allen/ : <B>Joe Allen</B> gasps!
[18:07:03] bNF-du3A EMOTE: Joe Allen/ : gasps!
[18:07:03] bNF-du3A EMOTE: Joe Allen/ : <B>Joe Allen</B> gasps!
[18:07:07] bNF-du3A SAY: Runtime/ : Purr!
[18:07:09] bNF-du3A EMOTE: Joe Allen/ : gasps!
[18:07:09] bNF-du3A EMOTE: Joe Allen/ : <B>Joe Allen</B> gasps!
[18:07:11] bNF-du3A ADMIN: Furry Chicken/(Vaclav Havel) delayed the round end.
[18:07:13] bNF-du3A EMOTE: Runtime/ : <B>Runtime</B> mews.
[18:07:13] bNF-du3A EMOTE: Joe Allen/ : gasps!
[18:07:13] bNF-du3A EMOTE: Joe Allen/ : <B>Joe Allen</B> gasps!
[18:07:15] bNF-du3A EMOTE: Joe Allen/ : gasps!
[18:07:15] bNF-du3A EMOTE: Joe Allen/ : <B>Joe Allen</B> gasps!
[18:07:38] bNF-du3A EMOTE: Joe Allen/ : gasps!
[18:07:38] bNF-du3A EMOTE: Joe Allen/ : <B>Joe Allen</B> gasps!
[18:07:42] bNF-du3A EMOTE: Joe Allen/ : gasps!
[18:07:42] bNF-du3A EMOTE: Joe Allen/ : <B>Joe Allen</B> gasps!
[18:07:44] bNF-du3A EMOTE: Joe Allen/ : gasps!
[18:07:44] bNF-du3A EMOTE: Joe Allen/ : <B>Joe Allen</B> gasps!
[18:07:46] bNF-du3A EMOTE: Joe Allen/ : gasps!
[18:07:46] bNF-du3A EMOTE: Joe Allen/ : <B>Joe Allen</B> gasps!
[18:07:58] bNF-du3A SAY: chicken/ : Cluck!
[18:07:58] bNF-du3A EMOTE: Joe Allen/ : gasps!
[18:07:58] bNF-du3A EMOTE: Joe Allen/ : <B>Joe Allen</B> gasps!
[18:07:58] bNF-du3A EMOTE: Joe Allen/ : gasps!
[18:07:58] bNF-du3A EMOTE: Joe Allen/ : <B>Joe Allen</B> gasps!
[18:08:02] bNF-du3A EMOTE: Joe Allen/ : screams!
[18:08:02] bNF-du3A EMOTE: Joe Allen/ : <B>Joe Allen</B> screams!
[18:08:06] bNF-du3A EMOTE: Joe Allen/ : screams!
[18:08:06] bNF-du3A EMOTE: Joe Allen/ : <B>Joe Allen</B> screams!
[18:08:08] bNF-du3A EMOTE: Joe Allen/ : gasps!
[18:08:08] bNF-du3A EMOTE: Joe Allen/ : <B>Joe Allen</B> gasps!
[18:08:10] bNF-du3A EMOTE: Joe Allen/ : gasps!
[18:08:10] bNF-du3A EMOTE: Joe Allen/ : <B>Joe Allen</B> gasps!
[18:08:14] bNF-du3A EMOTE: Joe Allen/ : gasps!
[18:08:14] bNF-du3A EMOTE: Joe Allen/ : <B>Joe Allen</B> gasps!
[18:08:16] bNF-du3A EMOTE: Joe Allen/ : gasps!
[18:08:16] bNF-du3A EMOTE: Joe Allen/ : <B>Joe Allen</B> gasps!
[18:08:22] bNF-du3A EMOTE: Joe Allen/ : gasps!
[18:08:22] bNF-du3A EMOTE: Joe Allen/ : <B>Joe Allen</B> gasps!
[18:08:26] bNF-du3A EMOTE: Joe Allen/ : gasps!
[18:08:26] bNF-du3A EMOTE: Joe Allen/ : <B>Joe Allen</B> gasps!
[18:08:28] bNF-du3A EMOTE: Joe Allen/ : gasps!
[18:08:28] bNF-du3A EMOTE: Joe Allen/ : <B>Joe Allen</B> gasps!
[18:08:28] bNF-du3A EMOTE: Joe Allen/ : screams!
[18:08:28] bNF-du3A EMOTE: Joe Allen/ : <B>Joe Allen</B> screams!
[18:08:56] bNF-du3A EMOTE: Ian/ : <B>Ian</B> dances around
[18:09:16] bNF-du3A SAY: Ian/ : Bark!
[18:09:38] bNF-du3A SAY: chicken/ : Cluck!
[18:09:40] bNF-du3A SAY: chicken/ : BWAAAAARK BWAK BWAK BWAK!
[18:09:40] bNF-du3A EMOTE: chicken/ : <B>The chicken</B> pecks at the ground.
[18:10:02] bNF-du3A SAY: Commander Clucky/ : Cluck!
[18:10:12] bNF-du3A SAY: chicken/ : Bwaak bwak.
[18:10:33] bNF-du3A ACCESS: Logout: Furry Chicken/(Vaclav Havel)
